<?xml version="1.0" encoding="UTF-8"?>
<coverage generated="1642013654353" clover="3.2.0">
  <project timestamp="1642013654353" name="All files">
    <metrics statements="43" coveredstatements="32" conditionals="16" coveredconditionals="12" methods="19" coveredmethods="13" elements="78" coveredelements="57" complexity="0" loc="43" ncloc="43" packages="2" files="3" classes="3"/>
    <package name="src">
      <metrics statements="13" coveredstatements="4" conditionals="0" coveredconditionals="0" methods="4" coveredmethods="1"/>
      <file name="App.tsx" path="/Users/ivan/websites/tdd_react/src/App.tsx">
        <metrics statements="2" coveredstatements="2" conditionals="0" coveredconditionals="0" methods="1" coveredmethods="1"/>
        <line num="3" count="1" type="stmt"/>
        <line num="4" count="3" type="stmt"/>
      </file>
      <file name="AppointmentsDayViewLoader.tsx" path="/Users/ivan/websites/tdd_react/src/AppointmentsDayViewLoader.tsx">
        <metrics statements="11" coveredstatements="2" conditionals="0" coveredconditionals="0" methods="3" coveredmethods="0"/>
        <line num="3" count="1" type="stmt"/>
        <line num="4" count="0" type="stmt"/>
        <line num="5" count="0" type="stmt"/>
        <line num="6" count="0" type="stmt"/>
        <line num="8" count="0" type="stmt"/>
        <line num="9" count="0" type="stmt"/>
        <line num="10" count="0" type="stmt"/>
        <line num="15" count="0" type="stmt"/>
        <line num="17" count="0" type="stmt"/>
        <line num="20" count="0" type="stmt"/>
        <line num="22" count="1" type="stmt"/>
      </file>
    </package>
    <package name="test">
      <metrics statements="30" coveredstatements="28" conditionals="16" coveredconditionals="12" methods="15" coveredmethods="12"/>
      <file name="shallowHelpers.tsx" path="/Users/ivan/websites/tdd_react/test/shallowHelpers.tsx">
        <metrics statements="30" coveredstatements="28" conditionals="16" coveredconditionals="12" methods="15" coveredmethods="12"/>
        <line num="2" count="2" type="stmt"/>
        <line num="3" count="18" type="cond" truecount="2" falsecount="0"/>
        <line num="4" count="2" type="stmt"/>
        <line num="6" count="16" type="cond" truecount="2" falsecount="0"/>
        <line num="7" count="3" type="stmt"/>
        <line num="9" count="13" type="cond" truecount="2" falsecount="0"/>
        <line num="10" count="2" type="stmt"/>
        <line num="14" count="11" type="stmt"/>
        <line num="15" count="11" type="cond" truecount="1" falsecount="1"/>
        <line num="16" count="0" type="stmt"/>
        <line num="18" count="11" type="cond" truecount="1" falsecount="1"/>
        <line num="19" count="0" type="stmt"/>
        <line num="21" count="11" type="cond" truecount="2" falsecount="0"/>
        <line num="22" count="6" type="stmt"/>
        <line num="24" count="5" type="stmt"/>
        <line num="26" count="2" type="stmt"/>
        <line num="27" count="17" type="cond" truecount="2" falsecount="0"/>
        <line num="28" count="7" type="stmt"/>
        <line num="30" count="12" type="stmt"/>
        <line num="32" count="2" type="stmt"/>
        <line num="33" count="8" type="stmt"/>
        <line num="34" count="8" type="stmt"/>
        <line num="35" count="8" type="stmt"/>
        <line num="37" count="2" type="stmt"/>
        <line num="38" count="2" type="stmt"/>
        <line num="39" count="3" type="stmt"/>
        <line num="42" count="5" type="stmt"/>
        <line num="43" count="2" type="cond" truecount="0" falsecount="2"/>
        <line num="44" count="3" type="stmt"/>
        <line num="45" count="2" type="stmt"/>
      </file>
    </package>
  </project>
</coverage>
