{"/Users/ivan/websites/tdd_react/src/App.tsx": {"path":"/Users/ivan/websites/tdd_react/src/App.tsx","statementMap":{"0":{"start":{"line":7,"column":26},"end":{"line":19,"column":1}},"1":{"start":{"line":8,"column":2},"end":{"line":18,"column":19}},"2":{"start":{"line":20,"column":19},"end":{"line":60,"column":1}},"3":{"start":{"line":21,"column":26},"end":{"line":21,"column":45}},"4":{"start":{"line":22,"column":34},"end":{"line":22,"column":44}},"5":{"start":{"line":23,"column":34},"end":{"line":23,"column":79}},"6":{"start":{"line":23,"column":52},"end":{"line":23,"column":74}},"7":{"start":{"line":24,"column":37},"end":{"line":27,"column":8}},"8":{"start":{"line":25,"column":4},"end":{"line":25,"column":26}},"9":{"start":{"line":26,"column":4},"end":{"line":26,"column":30}},"10":{"start":{"line":28,"column":30},"end":{"line":28,"column":71}},"11":{"start":{"line":28,"column":48},"end":{"line":28,"column":66}},"12":{"start":{"line":29,"column":24},"end":{"line":35,"column":3}},"13":{"start":{"line":30,"column":4},"end":{"line":34,"column":21}},"14":{"start":{"line":31,"column":43},"end":{"line":31,"column":79}},"15":{"start":{"line":37,"column":16},"end":{"line":37,"column":26}},"16":{"start":{"line":38,"column":2},"end":{"line":59,"column":3}},"17":{"start":{"line":40,"column":6},"end":{"line":40,"column":70}},"18":{"start":{"line":42,"column":6},"end":{"line":42,"column":66}},"19":{"start":{"line":44,"column":6},"end":{"line":44,"column":88}},"20":{"start":{"line":47,"column":6},"end":{"line":58,"column":8}},"21":{"start":{"line":55,"column":54},"end":{"line":55,"column":108}}},"fnMap":{"0":{"name":"(anonymous_0)","decl":{"start":{"line":7,"column":26},"end":{"line":7,"column":27}},"loc":{"start":{"line":8,"column":2},"end":{"line":18,"column":19}},"line":8},"1":{"name":"(anonymous_1)","decl":{"start":{"line":20,"column":19},"end":{"line":20,"column":20}},"loc":{"start":{"line":20,"column":25},"end":{"line":60,"column":1}},"line":20},"2":{"name":"(anonymous_2)","decl":{"start":{"line":23,"column":46},"end":{"line":23,"column":47}},"loc":{"start":{"line":23,"column":52},"end":{"line":23,"column":74}},"line":23},"3":{"name":"(anonymous_3)","decl":{"start":{"line":24,"column":49},"end":{"line":24,"column":50}},"loc":{"start":{"line":24,"column":63},"end":{"line":27,"column":3}},"line":24},"4":{"name":"(anonymous_4)","decl":{"start":{"line":28,"column":42},"end":{"line":28,"column":43}},"loc":{"start":{"line":28,"column":48},"end":{"line":28,"column":66}},"line":28},"5":{"name":"(anonymous_5)","decl":{"start":{"line":29,"column":24},"end":{"line":29,"column":25}},"loc":{"start":{"line":30,"column":4},"end":{"line":34,"column":21}},"line":30},"6":{"name":"(anonymous_6)","decl":{"start":{"line":31,"column":37},"end":{"line":31,"column":38}},"loc":{"start":{"line":31,"column":43},"end":{"line":31,"column":79}},"line":31},"7":{"name":"(anonymous_7)","decl":{"start":{"line":55,"column":48},"end":{"line":55,"column":49}},"loc":{"start":{"line":55,"column":54},"end":{"line":55,"column":108}},"line":55}},"branchMap":{"0":{"loc":{"start":{"line":38,"column":2},"end":{"line":59,"column":3}},"type":"switch","locations":[{"start":{"line":39,"column":4},"end":{"line":40,"column":70}},{"start":{"line":41,"column":4},"end":{"line":42,"column":66}},{"start":{"line":43,"column":4},"end":{"line":44,"column":88}},{"start":{"line":46,"column":4},"end":{"line":58,"column":8}}],"line":38}},"s":{"0":1,"1":0,"2":1,"3":23,"4":23,"5":23,"6":6,"7":23,"8":3,"9":3,"10":23,"11":1,"12":23,"13":0,"14":0,"15":23,"16":23,"17":0,"18":9,"19":3,"20":11,"21":0},"f":{"0":0,"1":23,"2":6,"3":3,"4":1,"5":0,"6":0,"7":0},"b":{"0":[0,9,3,11]},"_coverageSchema":"1a1c01bbd47fc00a2c39e90264f33305004495a9","hash":"3006133dc46aeadb64ed12c15f40ec61bf465f0a"}
,"/Users/ivan/websites/tdd_react/src/AppointmentFormLoader.tsx": {"path":"/Users/ivan/websites/tdd_react/src/AppointmentFormLoader.tsx","statementMap":{"0":{"start":{"line":3,"column":37},"end":{"line":18,"column":1}},"1":{"start":{"line":4,"column":54},"end":{"line":4,"column":66}},"2":{"start":{"line":5,"column":2},"end":{"line":15,"column":9}},"3":{"start":{"line":6,"column":36},"end":{"line":13,"column":5}},"4":{"start":{"line":7,"column":21},"end":{"line":11,"column":8}},"5":{"start":{"line":12,"column":6},"end":{"line":12,"column":49}},"6":{"start":{"line":14,"column":4},"end":{"line":14,"column":30}},"7":{"start":{"line":17,"column":2},"end":{"line":17,"column":80}}},"fnMap":{"0":{"name":"(anonymous_0)","decl":{"start":{"line":3,"column":37},"end":{"line":3,"column":38}},"loc":{"start":{"line":3,"column":48},"end":{"line":18,"column":1}},"line":3},"1":{"name":"(anonymous_1)","decl":{"start":{"line":5,"column":12},"end":{"line":5,"column":13}},"loc":{"start":{"line":5,"column":18},"end":{"line":15,"column":3}},"line":5},"2":{"name":"(anonymous_2)","decl":{"start":{"line":6,"column":36},"end":{"line":6,"column":37}},"loc":{"start":{"line":6,"column":48},"end":{"line":13,"column":5}},"line":6}},"branchMap":{},"s":{"0":2,"1":8,"2":8,"3":4,"4":4,"5":4,"6":4,"7":8},"f":{"0":8,"1":4,"2":4},"b":{},"_coverageSchema":"1a1c01bbd47fc00a2c39e90264f33305004495a9","hash":"52f1a90791a68c2bb1441e70a624f017e83def3e"}
,"/Users/ivan/websites/tdd_react/src/AppointmentsDayViewLoader.tsx": {"path":"/Users/ivan/websites/tdd_react/src/AppointmentsDayViewLoader.tsx","statementMap":{"0":{"start":{"line":3,"column":41},"end":{"line":21,"column":1}},"1":{"start":{"line":4,"column":42},"end":{"line":4,"column":54}},"2":{"start":{"line":5,"column":15},"end":{"line":5,"column":41}},"3":{"start":{"line":6,"column":13},"end":{"line":6,"column":44}},"4":{"start":{"line":8,"column":2},"end":{"line":18,"column":14}},"5":{"start":{"line":9,"column":30},"end":{"line":16,"column":5}},"6":{"start":{"line":10,"column":21},"end":{"line":14,"column":8}},"7":{"start":{"line":15,"column":6},"end":{"line":15,"column":43}},"8":{"start":{"line":17,"column":4},"end":{"line":17,"column":24}},"9":{"start":{"line":20,"column":2},"end":{"line":20,"column":61}},"10":{"start":{"line":22,"column":0},"end":{"line":24,"column":2}}},"fnMap":{"0":{"name":"(anonymous_0)","decl":{"start":{"line":3,"column":41},"end":{"line":3,"column":42}},"loc":{"start":{"line":3,"column":56},"end":{"line":21,"column":1}},"line":3},"1":{"name":"(anonymous_1)","decl":{"start":{"line":8,"column":12},"end":{"line":8,"column":13}},"loc":{"start":{"line":8,"column":18},"end":{"line":18,"column":3}},"line":8},"2":{"name":"(anonymous_2)","decl":{"start":{"line":9,"column":30},"end":{"line":9,"column":31}},"loc":{"start":{"line":9,"column":42},"end":{"line":16,"column":5}},"line":9}},"branchMap":{},"s":{"0":2,"1":12,"2":12,"3":12,"4":12,"5":6,"6":6,"7":6,"8":6,"9":12,"10":2},"f":{"0":12,"1":6,"2":6},"b":{},"_coverageSchema":"1a1c01bbd47fc00a2c39e90264f33305004495a9","hash":"d068f3eb3adb6e70ff2c25009f041e779fc43b85"}
,"/Users/ivan/websites/tdd_react/src/CustomerForm.tsx": {"path":"/Users/ivan/websites/tdd_react/src/CustomerForm.tsx","statementMap":{"0":{"start":{"line":4,"column":24},"end":{"line":8,"column":2}},"1":{"start":{"line":4,"column":80},"end":{"line":8,"column":1}},"2":{"start":{"line":9,"column":27},"end":{"line":14,"column":1}},"3":{"start":{"line":10,"column":37},"end":{"line":13,"column":3}},"4":{"start":{"line":16,"column":28},"end":{"line":112,"column":2}},"5":{"start":{"line":20,"column":34},"end":{"line":20,"column":80}},"6":{"start":{"line":21,"column":50},"end":{"line":21,"column":62}},"7":{"start":{"line":23,"column":23},"end":{"line":28,"column":3}},"8":{"start":{"line":24,"column":4},"end":{"line":27,"column":8}},"9":{"start":{"line":24,"column":31},"end":{"line":27,"column":5}},"10":{"start":{"line":30,"column":23},"end":{"line":53,"column":3}},"11":{"start":{"line":31,"column":4},"end":{"line":31,"column":23}},"12":{"start":{"line":32,"column":29},"end":{"line":32,"column":63}},"13":{"start":{"line":33,"column":4},"end":{"line":52,"column":5}},"14":{"start":{"line":34,"column":6},"end":{"line":34,"column":35}},"15":{"start":{"line":35,"column":21},"end":{"line":40,"column":8}},"16":{"start":{"line":42,"column":6},"end":{"line":49,"column":7}},"17":{"start":{"line":43,"column":31},"end":{"line":43,"column":50}},"18":{"start":{"line":44,"column":8},"end":{"line":44,"column":31}},"19":{"start":{"line":45,"column":13},"end":{"line":49,"column":7}},"20":{"start":{"line":46,"column":25},"end":{"line":46,"column":44}},"21":{"start":{"line":47,"column":8},"end":{"line":47,"column":45}},"22":{"start":{"line":51,"column":6},"end":{"line":51,"column":44}},"23":{"start":{"line":54,"column":21},"end":{"line":54,"column":44}},"24":{"start":{"line":55,"column":21},"end":{"line":62,"column":3}},"25":{"start":{"line":64,"column":21},"end":{"line":69,"column":3}},"26":{"start":{"line":65,"column":19},"end":{"line":67,"column":6}},"27":{"start":{"line":68,"column":4},"end":{"line":68,"column":60}},"28":{"start":{"line":71,"column":22},"end":{"line":79,"column":3}},"29":{"start":{"line":72,"column":32},"end":{"line":75,"column":5}},"30":{"start":{"line":76,"column":4},"end":{"line":78,"column":5}},"31":{"start":{"line":77,"column":6},"end":{"line":77,"column":78}},"32":{"start":{"line":80,"column":16},"end":{"line":80,"column":81}},"33":{"start":{"line":80,"column":22},"end":{"line":80,"column":81}},"34":{"start":{"line":82,"column":2},"end":{"line":111,"column":4}},"35":{"start":{"line":113,"column":0},"end":{"line":115,"column":2}}},"fnMap":{"0":{"name":"(anonymous_0)","decl":{"start":{"line":4,"column":24},"end":{"line":4,"column":25}},"loc":{"start":{"line":4,"column":80},"end":{"line":8,"column":1}},"line":4},"1":{"name":"(anonymous_1)","decl":{"start":{"line":10,"column":22},"end":{"line":10,"column":23}},"loc":{"start":{"line":10,"column":37},"end":{"line":13,"column":3}},"line":10},"2":{"name":"(anonymous_2)","decl":{"start":{"line":19,"column":2},"end":{"line":19,"column":3}},"loc":{"start":{"line":19,"column":111},"end":{"line":112,"column":1}},"line":19},"3":{"name":"(anonymous_3)","decl":{"start":{"line":23,"column":23},"end":{"line":23,"column":24}},"loc":{"start":{"line":23,"column":39},"end":{"line":28,"column":3}},"line":23},"4":{"name":"(anonymous_4)","decl":{"start":{"line":24,"column":16},"end":{"line":24,"column":17}},"loc":{"start":{"line":24,"column":31},"end":{"line":27,"column":5}},"line":24},"5":{"name":"(anonymous_5)","decl":{"start":{"line":30,"column":23},"end":{"line":30,"column":24}},"loc":{"start":{"line":30,"column":36},"end":{"line":53,"column":3}},"line":30},"6":{"name":"(anonymous_6)","decl":{"start":{"line":64,"column":21},"end":{"line":64,"column":22}},"loc":{"start":{"line":64,"column":37},"end":{"line":69,"column":3}},"line":64},"7":{"name":"(anonymous_7)","decl":{"start":{"line":71,"column":22},"end":{"line":71,"column":23}},"loc":{"start":{"line":71,"column":37},"end":{"line":79,"column":3}},"line":71},"8":{"name":"(anonymous_8)","decl":{"start":{"line":80,"column":16},"end":{"line":80,"column":17}},"loc":{"start":{"line":80,"column":22},"end":{"line":80,"column":81}},"line":80},"9":{"name":"(anonymous_9)","decl":{"start":{"line":114,"column":10},"end":{"line":114,"column":11}},"loc":{"start":{"line":114,"column":16},"end":{"line":114,"column":18}},"line":114}},"branchMap":{"0":{"loc":{"start":{"line":33,"column":4},"end":{"line":52,"column":5}},"type":"if","locations":[{"start":{"line":33,"column":4},"end":{"line":52,"column":5}},{"start":{"line":50,"column":11},"end":{"line":52,"column":5}}],"line":33},"1":{"loc":{"start":{"line":42,"column":6},"end":{"line":49,"column":7}},"type":"if","locations":[{"start":{"line":42,"column":6},"end":{"line":49,"column":7}},{"start":{"line":45,"column":13},"end":{"line":49,"column":7}}],"line":42},"2":{"loc":{"start":{"line":45,"column":13},"end":{"line":49,"column":7}},"type":"if","locations":[{"start":{"line":45,"column":13},"end":{"line":49,"column":7}},{"start":{"line":48,"column":13},"end":{"line":49,"column":7}}],"line":45},"3":{"loc":{"start":{"line":76,"column":4},"end":{"line":78,"column":5}},"type":"if","locations":[{"start":{"line":76,"column":4},"end":{"line":78,"column":5}},{"start":{},"end":{}}],"line":76},"4":{"loc":{"start":{"line":84,"column":7},"end":{"line":84,"column":31}},"type":"cond-expr","locations":[{"start":{"line":84,"column":15},"end":{"line":84,"column":24}},{"start":{"line":84,"column":27},"end":{"line":84,"column":31}}],"line":84},"5":{"loc":{"start":{"line":109,"column":7},"end":{"line":109,"column":67}},"type":"cond-expr","locations":[{"start":{"line":109,"column":20},"end":{"line":109,"column":60}},{"start":{"line":109,"column":63},"end":{"line":109,"column":67}}],"line":109}},"s":{"0":3,"1":66,"2":3,"3":10,"4":3,"5":75,"6":75,"7":75,"8":1,"9":1,"10":75,"11":12,"12":12,"13":12,"14":10,"15":10,"16":10,"17":8,"18":8,"19":2,"20":0,"21":0,"22":2,"23":75,"24":75,"25":75,"26":6,"27":6,"28":75,"29":225,"30":225,"31":11,"32":75,"33":3,"34":75,"35":3},"f":{"0":66,"1":10,"2":75,"3":1,"4":1,"5":12,"6":6,"7":225,"8":3,"9":7},"b":{"0":[10,2],"1":[8,2],"2":[0,2],"3":[11,214],"4":[3,72],"5":[11,64]},"_coverageSchema":"1a1c01bbd47fc00a2c39e90264f33305004495a9","hash":"b1e01b28cb012e5f5850b3a39d74450cce38ff92"}
,"/Users/ivan/websites/tdd_react/src/history.ts": {"path":"/Users/ivan/websites/tdd_react/src/history.ts","statementMap":{"0":{"start":{"line":3,"column":26},"end":{"line":3,"column":48}}},"fnMap":{},"branchMap":{},"s":{"0":7},"f":{},"b":{},"_coverageSchema":"1a1c01bbd47fc00a2c39e90264f33305004495a9","hash":"b2f3a019c9d444b8fa57dd0e7a44e0b1e4ffba5a"}
,"/Users/ivan/websites/tdd_react/src/store.ts": {"path":"/Users/ivan/websites/tdd_react/src/store.ts","statementMap":{"0":{"start":{"line":8,"column":2},"end":{"line":8,"column":56}},"1":{"start":{"line":10,"column":2},"end":{"line":10,"column":61}},"2":{"start":{"line":13,"column":30},"end":{"line":22,"column":1}},"3":{"start":{"line":14,"column":25},"end":{"line":14,"column":47}},"4":{"start":{"line":16,"column":16},"end":{"line":19,"column":3}},"5":{"start":{"line":20,"column":2},"end":{"line":20,"column":31}},"6":{"start":{"line":21,"column":2},"end":{"line":21,"column":15}}},"fnMap":{"0":{"name":"rootSaga","decl":{"start":{"line":7,"column":10},"end":{"line":7,"column":18}},"loc":{"start":{"line":7,"column":21},"end":{"line":11,"column":1}},"line":7},"1":{"name":"(anonymous_1)","decl":{"start":{"line":13,"column":30},"end":{"line":13,"column":31}},"loc":{"start":{"line":13,"column":55},"end":{"line":22,"column":1}},"line":13}},"branchMap":{"0":{"loc":{"start":{"line":13,"column":31},"end":{"line":13,"column":50}},"type":"default-arg","locations":[{"start":{"line":13,"column":48},"end":{"line":13,"column":50}}],"line":13}},"s":{"0":61,"1":61,"2":7,"3":61,"4":61,"5":61,"6":61},"f":{"0":61,"1":61},"b":{"0":[0]},"_coverageSchema":"1a1c01bbd47fc00a2c39e90264f33305004495a9","hash":"edefcb08cb5c270cc7393c8f06409d1609495dee"}
,"/Users/ivan/websites/tdd_react/src/CustomerSearch/CustomerSearch.tsx": {"path":"/Users/ivan/websites/tdd_react/src/CustomerSearch/CustomerSearch.tsx","statementMap":{"0":{"start":{"line":2,"column":21},"end":{"line":14,"column":1}},"1":{"start":{"line":3,"column":14},"end":{"line":3,"column":16}},"2":{"start":{"line":4,"column":2},"end":{"line":6,"column":3}},"3":{"start":{"line":5,"column":4},"end":{"line":5,"column":33}},"4":{"start":{"line":7,"column":2},"end":{"line":9,"column":3}},"5":{"start":{"line":8,"column":4},"end":{"line":8,"column":43}},"6":{"start":{"line":10,"column":2},"end":{"line":12,"column":3}},"7":{"start":{"line":11,"column":4},"end":{"line":11,"column":33}},"8":{"start":{"line":13,"column":2},"end":{"line":13,"column":12}},"9":{"start":{"line":15,"column":30},"end":{"line":91,"column":1}},"10":{"start":{"line":16,"column":36},"end":{"line":16,"column":48}},"11":{"start":{"line":17,"column":40},"end":{"line":17,"column":52}},"12":{"start":{"line":18,"column":40},"end":{"line":18,"column":52}},"13":{"start":{"line":19,"column":56},"end":{"line":19,"column":68}},"14":{"start":{"line":20,"column":38},"end":{"line":20,"column":50}},"15":{"start":{"line":22,"column":2},"end":{"line":35,"column":32}},"16":{"start":{"line":23,"column":22},"end":{"line":33,"column":5}},"17":{"start":{"line":25,"column":6},"end":{"line":25,"column":78}},"18":{"start":{"line":25,"column":34},"end":{"line":25,"column":78}},"19":{"start":{"line":26,"column":26},"end":{"line":26,"column":57}},"20":{"start":{"line":27,"column":21},"end":{"line":31,"column":8}},"21":{"start":{"line":32,"column":6},"end":{"line":32,"column":40}},"22":{"start":{"line":34,"column":4},"end":{"line":34,"column":16}},"23":{"start":{"line":37,"column":21},"end":{"line":40,"column":30}},"24":{"start":{"line":38,"column":18},"end":{"line":38,"column":52}},"25":{"start":{"line":39,"column":4},"end":{"line":39,"column":44}},"26":{"start":{"line":42,"column":25},"end":{"line":44,"column":19}},"27":{"start":{"line":43,"column":4},"end":{"line":43,"column":45}},"28":{"start":{"line":46,"column":22},"end":{"line":53,"column":3}},"29":{"start":{"line":47,"column":4},"end":{"line":52,"column":9}},"30":{"start":{"line":54,"column":24},"end":{"line":63,"column":3}},"31":{"start":{"line":55,"column":4},"end":{"line":62,"column":10}},"32":{"start":{"line":65,"column":34},"end":{"line":65,"column":81}},"33":{"start":{"line":65,"column":61},"end":{"line":65,"column":81}},"34":{"start":{"line":67,"column":2},"end":{"line":90,"column":4}},"35":{"start":{"line":84,"column":16},"end":{"line":84,"column":115}},"36":{"start":{"line":92,"column":0},"end":{"line":95,"column":2}}},"fnMap":{"0":{"name":"(anonymous_0)","decl":{"start":{"line":2,"column":21},"end":{"line":2,"column":22}},"loc":{"start":{"line":2,"column":44},"end":{"line":14,"column":1}},"line":2},"1":{"name":"(anonymous_1)","decl":{"start":{"line":15,"column":30},"end":{"line":15,"column":31}},"loc":{"start":{"line":15,"column":61},"end":{"line":91,"column":1}},"line":15},"2":{"name":"(anonymous_2)","decl":{"start":{"line":22,"column":12},"end":{"line":22,"column":13}},"loc":{"start":{"line":22,"column":18},"end":{"line":35,"column":3}},"line":22},"3":{"name":"(anonymous_3)","decl":{"start":{"line":23,"column":22},"end":{"line":23,"column":23}},"loc":{"start":{"line":23,"column":34},"end":{"line":33,"column":5}},"line":23},"4":{"name":"(anonymous_4)","decl":{"start":{"line":37,"column":33},"end":{"line":37,"column":34}},"loc":{"start":{"line":37,"column":39},"end":{"line":40,"column":3}},"line":37},"5":{"name":"(anonymous_5)","decl":{"start":{"line":42,"column":37},"end":{"line":42,"column":38}},"loc":{"start":{"line":42,"column":43},"end":{"line":44,"column":3}},"line":42},"6":{"name":"(anonymous_6)","decl":{"start":{"line":46,"column":22},"end":{"line":46,"column":23}},"loc":{"start":{"line":47,"column":4},"end":{"line":52,"column":9}},"line":47},"7":{"name":"(anonymous_7)","decl":{"start":{"line":54,"column":24},"end":{"line":54,"column":25}},"loc":{"start":{"line":55,"column":4},"end":{"line":62,"column":10}},"line":55},"8":{"name":"(anonymous_8)","decl":{"start":{"line":65,"column":34},"end":{"line":65,"column":35}},"loc":{"start":{"line":65,"column":61},"end":{"line":65,"column":81}},"line":65},"9":{"name":"(anonymous_9)","decl":{"start":{"line":83,"column":28},"end":{"line":83,"column":29}},"loc":{"start":{"line":84,"column":16},"end":{"line":84,"column":115}},"line":84},"10":{"name":"(anonymous_10)","decl":{"start":{"line":93,"column":25},"end":{"line":93,"column":26}},"loc":{"start":{"line":93,"column":31},"end":{"line":93,"column":33}},"line":93},"11":{"name":"(anonymous_11)","decl":{"start":{"line":94,"column":31},"end":{"line":94,"column":32}},"loc":{"start":{"line":94,"column":37},"end":{"line":94,"column":39}},"line":94}},"branchMap":{"0":{"loc":{"start":{"line":4,"column":2},"end":{"line":6,"column":3}},"type":"if","locations":[{"start":{"line":4,"column":2},"end":{"line":6,"column":3}},{"start":{},"end":{}}],"line":4},"1":{"loc":{"start":{"line":7,"column":2},"end":{"line":9,"column":3}},"type":"if","locations":[{"start":{"line":7,"column":2},"end":{"line":9,"column":3}},{"start":{},"end":{}}],"line":7},"2":{"loc":{"start":{"line":10,"column":2},"end":{"line":12,"column":3}},"type":"if","locations":[{"start":{"line":10,"column":2},"end":{"line":12,"column":3}},{"start":{},"end":{}}],"line":10},"3":{"loc":{"start":{"line":25,"column":6},"end":{"line":25,"column":78}},"type":"if","locations":[{"start":{"line":25,"column":6},"end":{"line":25,"column":78}},{"start":{},"end":{}}],"line":25},"4":{"loc":{"start":{"line":82,"column":11},"end":{"line":86,"column":18}},"type":"cond-expr","locations":[{"start":{"line":83,"column":14},"end":{"line":85,"column":16}},{"start":{"line":86,"column":14},"end":{"line":86,"column":18}}],"line":82}},"s":{"0":2,"1":30,"2":30,"3":10,"4":30,"5":3,"6":30,"7":12,"8":18,"9":2,"10":59,"11":59,"12":59,"13":59,"14":59,"15":59,"16":30,"17":30,"18":10,"19":30,"20":30,"21":30,"22":30,"23":59,"24":8,"25":8,"26":59,"27":4,"28":59,"29":226,"30":59,"31":50,"32":59,"33":2,"34":59,"35":316,"36":2},"f":{"0":30,"1":59,"2":30,"3":30,"4":8,"5":4,"6":226,"7":50,"8":2,"9":316,"10":224,"11":0},"b":{"0":[10,20],"1":[3,27],"2":[12,18],"3":[10,20],"4":[36,23]},"_coverageSchema":"1a1c01bbd47fc00a2c39e90264f33305004495a9","hash":"e7b02af29a9ee286e4c0ae4817969f78e1b33f83"}
,"/Users/ivan/websites/tdd_react/src/sagas/app.ts": {"path":"/Users/ivan/websites/tdd_react/src/sagas/app.ts","statementMap":{"0":{"start":{"line":3,"column":2},"end":{"line":3,"column":37}}},"fnMap":{"0":{"name":"customerAdded","decl":{"start":{"line":2,"column":17},"end":{"line":2,"column":30}},"loc":{"start":{"line":2,"column":45},"end":{"line":4,"column":1}},"line":2}},"branchMap":{},"s":{"0":14},"f":{"0":14},"b":{},"_coverageSchema":"1a1c01bbd47fc00a2c39e90264f33305004495a9","hash":"0cace0a7b2c93b28eebbf6b6d3354879d212cccb"}
,"/Users/ivan/websites/tdd_react/test/shallowHelpers.tsx": {"path":"/Users/ivan/websites/tdd_react/test/shallowHelpers.tsx","statementMap":{"0":{"start":{"line":3,"column":18},"end":{"line":3,"column":79}},"1":{"start":{"line":3,"column":26},"end":{"line":3,"column":79}},"2":{"start":{"line":3,"column":39},"end":{"line":3,"column":79}},"3":{"start":{"line":5,"column":20},"end":{"line":5,"column":64}},"4":{"start":{"line":5,"column":30},"end":{"line":5,"column":64}},"5":{"start":{"line":5,"column":43},"end":{"line":5,"column":64}},"6":{"start":{"line":7,"column":25},"end":{"line":7,"column":90}},"7":{"start":{"line":7,"column":40},"end":{"line":7,"column":90}},"8":{"start":{"line":7,"column":53},"end":{"line":7,"column":90}},"9":{"start":{"line":9,"column":20},"end":{"line":9,"column":87}},"10":{"start":{"line":9,"column":41},"end":{"line":9,"column":87}},"11":{"start":{"line":9,"column":54},"end":{"line":9,"column":87}},"12":{"start":{"line":11,"column":21},"end":{"line":11,"column":57}},"13":{"start":{"line":11,"column":34},"end":{"line":11,"column":57}},"14":{"start":{"line":13,"column":26},"end":{"line":30,"column":1}},"15":{"start":{"line":14,"column":2},"end":{"line":16,"column":3}},"16":{"start":{"line":15,"column":4},"end":{"line":15,"column":14}},"17":{"start":{"line":19,"column":6},"end":{"line":19,"column":13}},"18":{"start":{"line":20,"column":2},"end":{"line":22,"column":3}},"19":{"start":{"line":21,"column":4},"end":{"line":21,"column":14}},"20":{"start":{"line":23,"column":2},"end":{"line":25,"column":3}},"21":{"start":{"line":24,"column":4},"end":{"line":24,"column":22}},"22":{"start":{"line":26,"column":2},"end":{"line":28,"column":3}},"23":{"start":{"line":27,"column":4},"end":{"line":27,"column":20}},"24":{"start":{"line":29,"column":2},"end":{"line":29,"column":20}},"25":{"start":{"line":32,"column":25},"end":{"line":37,"column":1}},"26":{"start":{"line":33,"column":2},"end":{"line":35,"column":3}},"27":{"start":{"line":34,"column":4},"end":{"line":34,"column":21}},"28":{"start":{"line":36,"column":2},"end":{"line":36,"column":105}},"29":{"start":{"line":36,"column":52},"end":{"line":36,"column":99}},"30":{"start":{"line":39,"column":37},"end":{"line":49,"column":1}},"31":{"start":{"line":40,"column":17},"end":{"line":40,"column":38}},"32":{"start":{"line":42,"column":2},"end":{"line":48,"column":4}},"33":{"start":{"line":43,"column":27},"end":{"line":43,"column":53}},"34":{"start":{"line":44,"column":16},"end":{"line":44,"column":42}},"35":{"start":{"line":45,"column":36},"end":{"line":45,"column":94}},"36":{"start":{"line":46,"column":37},"end":{"line":46,"column":92}},"37":{"start":{"line":47,"column":18},"end":{"line":47,"column":59}}},"fnMap":{"0":{"name":"(anonymous_0)","decl":{"start":{"line":3,"column":18},"end":{"line":3,"column":19}},"loc":{"start":{"line":3,"column":26},"end":{"line":3,"column":79}},"line":3},"1":{"name":"(anonymous_1)","decl":{"start":{"line":3,"column":26},"end":{"line":3,"column":27}},"loc":{"start":{"line":3,"column":39},"end":{"line":3,"column":79}},"line":3},"2":{"name":"(anonymous_2)","decl":{"start":{"line":5,"column":20},"end":{"line":5,"column":21}},"loc":{"start":{"line":5,"column":30},"end":{"line":5,"column":64}},"line":5},"3":{"name":"(anonymous_3)","decl":{"start":{"line":5,"column":30},"end":{"line":5,"column":31}},"loc":{"start":{"line":5,"column":43},"end":{"line":5,"column":64}},"line":5},"4":{"name":"(anonymous_4)","decl":{"start":{"line":7,"column":25},"end":{"line":7,"column":26}},"loc":{"start":{"line":7,"column":40},"end":{"line":7,"column":90}},"line":7},"5":{"name":"(anonymous_5)","decl":{"start":{"line":7,"column":40},"end":{"line":7,"column":41}},"loc":{"start":{"line":7,"column":53},"end":{"line":7,"column":90}},"line":7},"6":{"name":"(anonymous_6)","decl":{"start":{"line":9,"column":20},"end":{"line":9,"column":21}},"loc":{"start":{"line":9,"column":41},"end":{"line":9,"column":87}},"line":9},"7":{"name":"(anonymous_7)","decl":{"start":{"line":9,"column":41},"end":{"line":9,"column":42}},"loc":{"start":{"line":9,"column":54},"end":{"line":9,"column":87}},"line":9},"8":{"name":"(anonymous_8)","decl":{"start":{"line":11,"column":21},"end":{"line":11,"column":22}},"loc":{"start":{"line":11,"column":34},"end":{"line":11,"column":57}},"line":11},"9":{"name":"(anonymous_9)","decl":{"start":{"line":13,"column":26},"end":{"line":13,"column":27}},"loc":{"start":{"line":13,"column":39},"end":{"line":30,"column":1}},"line":13},"10":{"name":"(anonymous_10)","decl":{"start":{"line":32,"column":25},"end":{"line":32,"column":26}},"loc":{"start":{"line":32,"column":49},"end":{"line":37,"column":1}},"line":32},"11":{"name":"(anonymous_11)","decl":{"start":{"line":36,"column":36},"end":{"line":36,"column":37}},"loc":{"start":{"line":36,"column":52},"end":{"line":36,"column":99}},"line":36},"12":{"name":"(anonymous_12)","decl":{"start":{"line":39,"column":37},"end":{"line":39,"column":38}},"loc":{"start":{"line":39,"column":43},"end":{"line":49,"column":1}},"line":39},"13":{"name":"(anonymous_13)","decl":{"start":{"line":43,"column":12},"end":{"line":43,"column":13}},"loc":{"start":{"line":43,"column":27},"end":{"line":43,"column":53}},"line":43},"14":{"name":"(anonymous_14)","decl":{"start":{"line":44,"column":10},"end":{"line":44,"column":11}},"loc":{"start":{"line":44,"column":16},"end":{"line":44,"column":42}},"line":44},"15":{"name":"(anonymous_15)","decl":{"start":{"line":45,"column":21},"end":{"line":45,"column":22}},"loc":{"start":{"line":45,"column":36},"end":{"line":45,"column":94}},"line":45},"16":{"name":"(anonymous_16)","decl":{"start":{"line":46,"column":22},"end":{"line":46,"column":23}},"loc":{"start":{"line":46,"column":37},"end":{"line":46,"column":92}},"line":46},"17":{"name":"(anonymous_17)","decl":{"start":{"line":47,"column":11},"end":{"line":47,"column":12}},"loc":{"start":{"line":47,"column":18},"end":{"line":47,"column":59}},"line":47}},"branchMap":{"0":{"loc":{"start":{"line":3,"column":39},"end":{"line":3,"column":79}},"type":"binary-expr","locations":[{"start":{"line":3,"column":39},"end":{"line":3,"column":52}},{"start":{"line":3,"column":56},"end":{"line":3,"column":79}}],"line":3},"1":{"loc":{"start":{"line":14,"column":2},"end":{"line":16,"column":3}},"type":"if","locations":[{"start":{"line":14,"column":2},"end":{"line":16,"column":3}},{"start":{},"end":{}}],"line":14},"2":{"loc":{"start":{"line":20,"column":2},"end":{"line":22,"column":3}},"type":"if","locations":[{"start":{"line":20,"column":2},"end":{"line":22,"column":3}},{"start":{},"end":{}}],"line":20},"3":{"loc":{"start":{"line":23,"column":2},"end":{"line":25,"column":3}},"type":"if","locations":[{"start":{"line":23,"column":2},"end":{"line":25,"column":3}},{"start":{},"end":{}}],"line":23},"4":{"loc":{"start":{"line":26,"column":2},"end":{"line":28,"column":3}},"type":"if","locations":[{"start":{"line":26,"column":2},"end":{"line":28,"column":3}},{"start":{},"end":{}}],"line":26},"5":{"loc":{"start":{"line":33,"column":2},"end":{"line":35,"column":3}},"type":"if","locations":[{"start":{"line":33,"column":2},"end":{"line":35,"column":3}},{"start":{},"end":{}}],"line":33}},"s":{"0":2,"1":6,"2":36,"3":2,"4":10,"5":22,"6":2,"7":1,"8":5,"9":2,"10":0,"11":0,"12":2,"13":6,"14":2,"15":50,"16":2,"17":48,"18":48,"19":26,"20":22,"21":2,"22":20,"23":11,"24":9,"25":2,"26":63,"27":16,"28":47,"29":46,"30":2,"31":26,"32":26,"33":10,"34":0,"35":17,"36":0,"37":2},"f":{"0":6,"1":36,"2":10,"3":22,"4":1,"5":5,"6":0,"7":0,"8":6,"9":50,"10":63,"11":46,"12":26,"13":10,"14":0,"15":17,"16":0,"17":2},"b":{"0":[36,36],"1":[2,48],"2":[26,22],"3":[2,20],"4":[11,9],"5":[16,47]},"_coverageSchema":"1a1c01bbd47fc00a2c39e90264f33305004495a9","hash":"41fbea3669b3fcfcfdd64f57a5a35ecb65bffd60"}
}
