{"/Users/ivan/websites/tdd_react/src/store.ts": {"path":"/Users/ivan/websites/tdd_react/src/store.ts","statementMap":{"0":{"start":{"line":6,"column":2},"end":{"line":6,"column":56}},"1":{"start":{"line":9,"column":30},"end":{"line":18,"column":1}},"2":{"start":{"line":10,"column":25},"end":{"line":10,"column":47}},"3":{"start":{"line":12,"column":16},"end":{"line":15,"column":3}},"4":{"start":{"line":16,"column":2},"end":{"line":16,"column":31}},"5":{"start":{"line":17,"column":2},"end":{"line":17,"column":15}}},"fnMap":{"0":{"name":"rootSaga","decl":{"start":{"line":5,"column":10},"end":{"line":5,"column":18}},"loc":{"start":{"line":5,"column":21},"end":{"line":7,"column":1}},"line":5},"1":{"name":"(anonymous_1)","decl":{"start":{"line":9,"column":30},"end":{"line":9,"column":31}},"loc":{"start":{"line":9,"column":55},"end":{"line":18,"column":1}},"line":9}},"branchMap":{"0":{"loc":{"start":{"line":9,"column":31},"end":{"line":9,"column":50}},"type":"default-arg","locations":[{"start":{"line":9,"column":48},"end":{"line":9,"column":50}}],"line":9}},"s":{"0":4,"1":1,"2":4,"3":4,"4":4,"5":4},"f":{"0":4,"1":4},"b":{"0":[0]},"_coverageSchema":"1a1c01bbd47fc00a2c39e90264f33305004495a9","hash":"0f33082fcd326349de26047263296f00648efada"}
,"/Users/ivan/websites/tdd_react/src/sagas/customer.ts": {"path":"/Users/ivan/websites/tdd_react/src/sagas/customer.ts","statementMap":{"0":{"start":{"line":2,"column":14},"end":{"line":8,"column":4}},"1":{"start":{"line":3,"column":2},"end":{"line":8,"column":4}},"2":{"start":{"line":10,"column":2},"end":{"line":10,"column":49}},"3":{"start":{"line":11,"column":2},"end":{"line":11,"column":44}},"4":{"start":{"line":14,"column":21},"end":{"line":19,"column":1}},"5":{"start":{"line":20,"column":23},"end":{"line":27,"column":1}},"6":{"start":{"line":21,"column":2},"end":{"line":26,"column":3}},"7":{"start":{"line":23,"column":6},"end":{"line":23,"column":38}},"8":{"start":{"line":25,"column":6},"end":{"line":25,"column":19}}},"fnMap":{"0":{"name":"(anonymous_0)","decl":{"start":{"line":2,"column":14},"end":{"line":2,"column":15}},"loc":{"start":{"line":3,"column":2},"end":{"line":8,"column":4}},"line":3},"1":{"name":"addCustomer","decl":{"start":{"line":9,"column":17},"end":{"line":9,"column":28}},"loc":{"start":{"line":9,"column":43},"end":{"line":12,"column":1}},"line":9},"2":{"name":"(anonymous_2)","decl":{"start":{"line":20,"column":23},"end":{"line":20,"column":24}},"loc":{"start":{"line":20,"column":57},"end":{"line":27,"column":1}},"line":20}},"branchMap":{"0":{"loc":{"start":{"line":20,"column":24},"end":{"line":20,"column":44}},"type":"default-arg","locations":[{"start":{"line":20,"column":32},"end":{"line":20,"column":44}}],"line":20},"1":{"loc":{"start":{"line":21,"column":2},"end":{"line":26,"column":3}},"type":"switch","locations":[{"start":{"line":22,"column":4},"end":{"line":23,"column":38}},{"start":{"line":24,"column":4},"end":{"line":25,"column":19}}],"line":21}},"s":{"0":1,"1":2,"2":2,"3":2,"4":1,"5":1,"6":18,"7":3,"8":15},"f":{"0":2,"1":2,"2":18},"b":{"0":[14],"1":[3,15]},"_coverageSchema":"1a1c01bbd47fc00a2c39e90264f33305004495a9","hash":"5687c19a8739849b77d3380b763f14570d2cda65"}
}
