TN:
SF:test/domManipulators.ts
FN:4,(anonymous_0)
FN:6,(anonymous_1)
FN:8,(anonymous_2)
FN:9,(anonymous_3)
FN:10,(anonymous_4)
FN:11,(anonymous_5)
FN:13,(anonymous_6)
FN:13,(anonymous_7)
FN:16,(anonymous_8)
FN:16,(anonymous_9)
FN:17,(anonymous_10)
FN:20,(anonymous_11)
FN:21,(anonymous_12)
FN:24,(anonymous_13)
FN:24,(anonymous_14)
FN:38,(anonymous_15)
FNF:16
FNH:9
FNDA:11,(anonymous_0)
FNDA:0,(anonymous_1)
FNDA:0,(anonymous_2)
FNDA:0,(anonymous_3)
FNDA:13,(anonymous_4)
FNDA:5,(anonymous_5)
FNDA:33,(anonymous_6)
FNDA:0,(anonymous_7)
FNDA:22,(anonymous_8)
FNDA:11,(anonymous_9)
FNDA:11,(anonymous_10)
FNDA:0,(anonymous_11)
FNDA:0,(anonymous_12)
FNDA:11,(anonymous_13)
FNDA:11,(anonymous_14)
FNDA:0,(anonymous_15)
DA:4,1
DA:5,11
DA:6,11
DA:8,11
DA:9,11
DA:10,13
DA:11,11
DA:13,33
DA:14,0
DA:16,22
DA:17,11
DA:19,11
DA:21,0
DA:22,0
DA:24,11
DA:38,1
DA:39,0
LF:17
LH:13
BRF:0
BRH:0
end_of_record
TN:
SF:test/spyHelpers.ts
FN:1,(anonymous_0)
FN:4,(anonymous_1)
FN:6,(anonymous_2)
FN:10,(anonymous_3)
FN:12,(anonymous_4)
FNF:5
FNH:2
FNDA:21,(anonymous_0)
FNDA:22,(anonymous_1)
FNDA:0,(anonymous_2)
FNDA:0,(anonymous_3)
FNDA:0,(anonymous_4)
DA:1,1
DA:2,21
DA:4,22
DA:6,1
DA:7,0
DA:10,0
DA:12,1
LF:7
LH:5
BRDA:6,0,0,0
BRDA:6,1,0,0
BRF:2
BRH:0
end_of_record
