TN:
SF:src/AppointmentFormLoader.tsx
FN:3,(anonymous_0)
FN:5,(anonymous_1)
FN:6,(anonymous_2)
FNF:3
FNH:3
FNDA:8,(anonymous_0)
FNDA:4,(anonymous_1)
FNDA:4,(anonymous_2)
DA:3,2
DA:4,8
DA:5,8
DA:6,4
DA:7,4
DA:12,4
DA:14,4
DA:17,8
LF:8
LH:8
BRF:0
BRH:0
end_of_record
TN:
SF:src/CustomerForm.tsx
FN:3,(anonymous_0)
FN:8,(anonymous_1)
FN:9,(anonymous_2)
FN:14,(anonymous_3)
FN:49,(anonymous_4)
FN:56,(anonymous_5)
FN:61,(anonymous_6)
FN:95,(anonymous_7)
FNF:8
FNH:8
FNDA:76,(anonymous_0)
FNDA:1,(anonymous_1)
FNDA:1,(anonymous_2)
FNDA:14,(anonymous_3)
FNDA:6,(anonymous_4)
FNDA:228,(anonymous_5)
FNDA:2,(anonymous_6)
FNDA:8,(anonymous_7)
DA:3,3
DA:4,76
DA:5,76
DA:6,76
DA:7,76
DA:8,76
DA:9,1
DA:14,76
DA:15,14
DA:16,14
DA:17,14
DA:18,12
DA:19,12
DA:25,12
DA:26,12
DA:27,9
DA:28,9
DA:29,3
DA:30,1
DA:31,1
DA:33,2
DA:36,2
DA:40,76
DA:49,76
DA:50,6
DA:53,6
DA:56,76
DA:57,228
DA:58,11
DA:61,76
DA:63,76
DA:94,3
LF:32
LH:32
BRDA:17,0,0,12
BRDA:17,0,1,2
BRDA:26,1,0,9
BRDA:26,1,1,3
BRDA:29,2,0,1
BRDA:29,2,1,2
BRDA:57,3,0,11
BRDA:57,3,1,217
BRDA:65,4,0,2
BRDA:65,4,1,74
BRDA:90,5,0,12
BRDA:90,5,1,64
BRF:12
BRH:12
end_of_record
TN:
SF:src/CustomerSearch.tsx
FN:2,(anonymous_0)
FN:15,(anonymous_1)
FN:22,(anonymous_2)
FN:23,(anonymous_3)
FN:37,(anonymous_4)
FN:42,(anonymous_5)
FN:46,(anonymous_6)
FN:54,(anonymous_7)
FN:65,(anonymous_8)
FN:83,(anonymous_9)
FN:93,(anonymous_10)
FN:94,(anonymous_11)
FNF:12
FNH:11
FNDA:30,(anonymous_0)
FNDA:59,(anonymous_1)
FNDA:30,(anonymous_2)
FNDA:30,(anonymous_3)
FNDA:8,(anonymous_4)
FNDA:4,(anonymous_5)
FNDA:226,(anonymous_6)
FNDA:50,(anonymous_7)
FNDA:2,(anonymous_8)
FNDA:316,(anonymous_9)
FNDA:224,(anonymous_10)
FNDA:0,(anonymous_11)
DA:2,2
DA:3,30
DA:4,30
DA:5,10
DA:7,30
DA:8,3
DA:10,30
DA:11,12
DA:13,18
DA:15,2
DA:16,59
DA:17,59
DA:18,59
DA:19,59
DA:20,59
DA:22,59
DA:23,30
DA:25,30
DA:26,30
DA:27,30
DA:32,30
DA:34,30
DA:37,59
DA:38,8
DA:39,8
DA:42,59
DA:43,4
DA:46,59
DA:47,226
DA:54,59
DA:55,50
DA:65,59
DA:67,59
DA:84,316
DA:92,2
LF:35
LH:35
BRDA:4,0,0,10
BRDA:4,0,1,20
BRDA:7,1,0,3
BRDA:7,1,1,27
BRDA:10,2,0,12
BRDA:10,2,1,18
BRDA:25,3,0,10
BRDA:25,3,1,20
BRDA:82,4,0,36
BRDA:82,4,1,23
BRF:10
BRH:10
end_of_record
TN:
SF:test/domManipulators.ts
FN:4,(anonymous_0)
FN:6,(anonymous_1)
FN:8,(anonymous_2)
FN:9,(anonymous_3)
FN:10,(anonymous_4)
FN:11,(anonymous_5)
FN:13,(anonymous_6)
FN:13,(anonymous_7)
FN:16,(anonymous_8)
FN:16,(anonymous_9)
FN:17,(anonymous_10)
FN:21,(anonymous_11)
FN:22,(anonymous_12)
FN:25,(anonymous_13)
FN:25,(anonymous_14)
FN:40,(anonymous_15)
FNF:16
FNH:13
FNDA:77,(anonymous_0)
FNDA:0,(anonymous_1)
FNDA:0,(anonymous_2)
FNDA:0,(anonymous_3)
FNDA:38,(anonymous_4)
FNDA:6,(anonymous_5)
FNDA:308,(anonymous_6)
FNDA:9,(anonymous_7)
FNDA:154,(anonymous_8)
FNDA:25,(anonymous_9)
FNDA:25,(anonymous_10)
FNDA:52,(anonymous_11)
FNDA:52,(anonymous_12)
FNDA:27,(anonymous_13)
FNDA:27,(anonymous_14)
FNDA:9,(anonymous_15)
DA:4,5
DA:5,77
DA:6,77
DA:8,77
DA:9,77
DA:10,77
DA:11,77
DA:13,308
DA:14,9
DA:16,154
DA:17,25
DA:20,77
DA:22,52
DA:23,52
DA:25,27
DA:40,5
DA:41,9
LF:17
LH:17
BRF:0
BRH:0
end_of_record
TN:
SF:test/shallowHelpers.tsx
FN:3,(anonymous_0)
FN:3,(anonymous_1)
FN:5,(anonymous_2)
FN:5,(anonymous_3)
FN:7,(anonymous_4)
FN:7,(anonymous_5)
FN:9,(anonymous_6)
FN:9,(anonymous_7)
FN:11,(anonymous_8)
FN:13,(anonymous_9)
FN:32,(anonymous_10)
FN:36,(anonymous_11)
FN:39,(anonymous_12)
FN:43,(anonymous_13)
FN:44,(anonymous_14)
FN:45,(anonymous_15)
FN:46,(anonymous_16)
FN:47,(anonymous_17)
FNF:18
FNH:15
FNDA:6,(anonymous_0)
FNDA:24,(anonymous_1)
FNDA:10,(anonymous_2)
FNDA:18,(anonymous_3)
FNDA:1,(anonymous_4)
FNDA:3,(anonymous_5)
FNDA:0,(anonymous_6)
FNDA:0,(anonymous_7)
FNDA:6,(anonymous_8)
FNDA:43,(anonymous_9)
FNDA:54,(anonymous_10)
FNDA:34,(anonymous_11)
FNDA:30,(anonymous_12)
FNDA:14,(anonymous_13)
FNDA:0,(anonymous_14)
FNDA:18,(anonymous_15)
FNDA:2,(anonymous_16)
FNDA:4,(anonymous_17)
DA:3,24
DA:5,18
DA:7,3
DA:9,3
DA:11,6
DA:13,3
DA:14,43
DA:15,3
DA:19,40
DA:20,40
DA:21,10
DA:23,30
DA:24,3
DA:26,27
DA:27,15
DA:29,12
DA:32,3
DA:33,54
DA:34,21
DA:36,34
DA:39,3
DA:40,30
DA:42,30
DA:43,14
DA:44,0
DA:45,18
DA:46,2
DA:47,4
LF:28
LH:27
BRDA:3,0,0,24
BRDA:3,0,1,24
BRDA:14,1,0,3
BRDA:14,1,1,40
BRDA:20,2,0,10
BRDA:20,2,1,30
BRDA:23,3,0,3
BRDA:23,3,1,27
BRDA:26,4,0,15
BRDA:26,4,1,12
BRDA:33,5,0,21
BRDA:33,5,1,33
BRF:12
BRH:12
end_of_record
TN:
SF:test/spyHelpers.ts
FN:1,(anonymous_0)
FN:4,(anonymous_1)
FN:6,(anonymous_2)
FN:10,(anonymous_3)
FN:12,(anonymous_4)
FNF:5
FNH:5
FNDA:79,(anonymous_0)
FNDA:49,(anonymous_1)
FNDA:2,(anonymous_2)
FNDA:1,(anonymous_3)
FNDA:4,(anonymous_4)
DA:1,4
DA:2,79
DA:4,49
DA:6,4
DA:7,2
DA:10,1
DA:12,4
LF:7
LH:7
BRDA:6,0,0,1
BRDA:6,1,0,1
BRF:2
BRH:2
end_of_record
